<?xml version="1.0" encoding="UTF-8"?>
<!-- Generated by org.testng.reporters.JUnitReportReporter -->
<testsuite hostname="DESKTOP-PIPO6LO" failures="0" tests="3" name="nobroker.runner.TestRunner" time="110.392" errors="0" timestamp="2025-09-11T14:38:49 IST" skipped="0">
  <testcase classname="nobroker.runner.TestRunner" name="runScenario" time="39.820"/>
  <testcase classname="nobroker.runner.TestRunner" name="runScenario" time="18.770"/>
  <testcase classname="nobroker.runner.TestRunner" name="runScenario" time="51.802"/>
</testsuite> <!-- nobroker.runner.TestRunner -->
