<?xml version="1.0" encoding="UTF-8"?>
<!-- Generated by org.testng.reporters.JUnitReportReporter -->
<testsuite hostname="DESKTOP-PIPO6LO" failures="0" tests="2" name="nobroker.runner.TestRunner" time="108.709" errors="0" timestamp="2025-09-12T09:18:02 IST" skipped="0">
  <testcase classname="nobroker.runner.TestRunner" name="runScenario" time="61.547"/>
  <testcase classname="nobroker.runner.TestRunner" name="runScenario" time="47.162"/>
</testsuite> <!-- nobroker.runner.TestRunner -->
