<?xml version="1.0" encoding="UTF-8"?>
<!-- Generated by org.testng.reporters.JUnitReportReporter -->
<testsuite hostname="DESKTOP-PIPO6LO" failures="0" tests="1" name="nobroker.runner.TestRunner" time="42.078" errors="0" timestamp="2025-09-09T14:12:39 IST" skipped="0">
  <testcase classname="nobroker.runner.TestRunner" name="runScenario" time="42.078"/>
</testsuite> <!-- nobroker.runner.TestRunner -->
