<?xml version="1.0" encoding="UTF-8"?>
<!-- Generated by org.testng.reporters.JUnitReportReporter -->
<testsuite hostname="DESKTOP-PIPO6LO" failures="0" tests="2" name="nobroker.runner.TestRunner" time="116.471" errors="0" timestamp="2025-09-11T18:46:17 IST" skipped="0">
  <testcase classname="nobroker.runner.TestRunner" name="runScenario" time="54.995"/>
  <testcase classname="nobroker.runner.TestRunner" name="runScenario" time="61.476"/>
</testsuite> <!-- nobroker.runner.TestRunner -->
