<?xml version="1.0" encoding="UTF-8"?>
<!-- Generated by org.testng.reporters.JUnitReportReporter -->
<testsuite hostname="DESKTOP-PIPO6LO" failures="0" tests="1" name="nobroker.runner.TestRunner" time="46.109" errors="0" timestamp="2025-09-09T19:51:53 IST" skipped="0">
  <testcase classname="nobroker.runner.TestRunner" name="runScenario" time="46.109"/>
</testsuite> <!-- nobroker.runner.TestRunner -->
