<?xml version="1.0" encoding="UTF-8"?>
<!-- Generated by org.testng.reporters.JUnitReportReporter -->
<testsuite hostname="DESKTOP-PIPO6LO" failures="0" tests="5" name="nobroker.runner.TestRunner" time="123.925" errors="0" timestamp="2025-09-07T18:02:09 IST" skipped="0">
  <testcase classname="nobroker.runner.TestRunner" name="runScenario" time="35.966"/>
  <testcase classname="nobroker.runner.TestRunner" name="runScenario" time="6.342"/>
  <testcase classname="nobroker.runner.TestRunner" name="runScenario" time="10.260"/>
  <testcase classname="nobroker.runner.TestRunner" name="runScenario" time="61.374"/>
  <testcase classname="nobroker.runner.TestRunner" name="runScenario" time="9.983"/>
</testsuite> <!-- nobroker.runner.TestRunner -->
