<?xml version="1.0" encoding="UTF-8"?>
<!-- Generated by org.testng.reporters.JUnitReportReporter -->
<testsuite hostname="DESKTOP-PIPO6LO" failures="0" tests="16" name="nobroker.runner.TestRunner" time="462.712" errors="0" timestamp="2025-09-12T14:37:03 IST" skipped="0">
  <testcase classname="nobroker.runner.TestRunner" name="runScenario" time="31.037"/>
  <testcase classname="nobroker.runner.TestRunner" name="runScenario" time="43.935"/>
  <testcase classname="nobroker.runner.TestRunner" name="runScenario" time="59.973"/>
  <testcase classname="nobroker.runner.TestRunner" name="runScenario" time="32.414"/>
  <testcase classname="nobroker.runner.TestRunner" name="runScenario" time="6.580"/>
  <testcase classname="nobroker.runner.TestRunner" name="runScenario" time="17.043"/>
  <testcase classname="nobroker.runner.TestRunner" name="runScenario" time="26.723"/>
  <testcase classname="nobroker.runner.TestRunner" name="runScenario" time="46.509"/>
  <testcase classname="nobroker.runner.TestRunner" name="runScenario" time="28.093"/>
  <testcase classname="nobroker.runner.TestRunner" name="runScenario" time="9.337"/>
  <testcase classname="nobroker.runner.TestRunner" name="runScenario" time="43.879"/>
  <testcase classname="nobroker.runner.TestRunner" name="runScenario" time="12.737"/>
  <testcase classname="nobroker.runner.TestRunner" name="runScenario" time="30.949"/>
  <testcase classname="nobroker.runner.TestRunner" name="runScenario" time="33.980"/>
  <testcase classname="nobroker.runner.TestRunner" name="runScenario" time="29.364"/>
  <testcase classname="nobroker.runner.TestRunner" name="runScenario" time="10.159"/>
</testsuite> <!-- nobroker.runner.TestRunner -->
