<?xml version="1.0" encoding="UTF-8"?>
<!-- Generated by org.testng.reporters.JUnitReportReporter -->
<testsuite hostname="DESKTOP-PIPO6LO" failures="0" tests="16" name="nobroker.runner.TestRunner" time="467.628" errors="0" timestamp="2025-09-13T15:01:34 IST" skipped="0">
  <testcase classname="nobroker.runner.TestRunner" name="runScenario" time="32.283"/>
  <testcase classname="nobroker.runner.TestRunner" name="runScenario" time="45.800"/>
  <testcase classname="nobroker.runner.TestRunner" name="runScenario" time="53.952"/>
  <testcase classname="nobroker.runner.TestRunner" name="runScenario" time="54.020"/>
  <testcase classname="nobroker.runner.TestRunner" name="runScenario" time="27.455"/>
  <testcase classname="nobroker.runner.TestRunner" name="runScenario" time="29.406"/>
  <testcase classname="nobroker.runner.TestRunner" name="runScenario" time="27.691"/>
  <testcase classname="nobroker.runner.TestRunner" name="runScenario" time="6.111"/>
  <testcase classname="nobroker.runner.TestRunner" name="runScenario" time="32.885"/>
  <testcase classname="nobroker.runner.TestRunner" name="runScenario" time="19.378"/>
  <testcase classname="nobroker.runner.TestRunner" name="runScenario" time="9.900"/>
  <testcase classname="nobroker.runner.TestRunner" name="runScenario" time="34.478"/>
  <testcase classname="nobroker.runner.TestRunner" name="runScenario" time="13.161"/>
  <testcase classname="nobroker.runner.TestRunner" name="runScenario" time="45.847"/>
  <testcase classname="nobroker.runner.TestRunner" name="runScenario" time="24.293"/>
  <testcase classname="nobroker.runner.TestRunner" name="runScenario" time="10.968"/>
</testsuite> <!-- nobroker.runner.TestRunner -->
