<?xml version="1.0" encoding="UTF-8"?>
<!-- Generated by org.testng.reporters.JUnitReportReporter -->
<testsuite hostname="DESKTOP-PIPO6LO" failures="0" tests="3" name="nobroker.runner.TestRunner" time="53.342" errors="0" timestamp="2025-09-07T14:59:26 IST" skipped="0">
  <testcase classname="nobroker.runner.TestRunner" name="runScenario" time="15.372"/>
  <testcase classname="nobroker.runner.TestRunner" name="runScenario" time="25.961"/>
  <testcase classname="nobroker.runner.TestRunner" name="runScenario" time="12.009"/>
</testsuite> <!-- nobroker.runner.TestRunner -->
